INFO Selected: Output dir: NOVELTY/
INFO Selected: Query file: NOVELTY/out.fasta
INFO Selected: Tree file: ../REFERENCE_TREE/Perkinsea18S_95Seqs_with_outgroup_einsi_aln_trimal_raxml.bestTree.tree
INFO Selected: Reference MSA: ../REFERENCE_TREE/Perkinsea18S_95Seqs_with_outgroup_einsi_aln_trimal.fasta
INFO Selected: Automatic switching of use of per rate scalers
INFO Selected: Preserving the root of the input tree
INFO Selected: Specified model: GTR+F+I+G4
INFO Selected: Using threads: 8
INFO     ______ ____   ___           _   __ ______
        / ____// __ \ /   |         / | / // ____/
       / __/  / /_/ // /| | ______ /  |/ // / __  
      / /___ / ____// ___ |/_____// /|  // /_/ /  
     /_____//_/    /_/  |_|      /_/ |_/ \____/ (v0.3.8)
INFO Using model parameters:
INFO    Rate heterogeneity: GAMMA (4 cats, mean),  alpha: 1 (ML),  weights&rates: (0.25,0.136954) (0.25,0.476752) (0.25,1) (0.25,2.38629) 
        P-inv (ML): 0
        Base frequencies (empirical): 0.26348 0.169911 0.250121 0.316488 
        Substitution rates (ML): 0.5 0.5 0.5 0.5 0.5 1
INFO Output file: NOVELTY/epa_result.jplace
INFO 428 Sequences done!
INFO Time spent placing: 0s
INFO Elapsed Time: 0s
